
Showing logs for build [32mcb-kubecd-bdd-gh-1593073691-mas-6wh2s-1[0m stage [32mfrom-build-pack[0m and container [32mstep-credential-initializer-pqvjq[0m
{"level":"info","ts":1593073844.4451547,"logger":"fallback-logger","caller":"logging/config.go:69","msg":"Fetch GitHub commit ID from kodata failed: open /var/run/ko/refs/heads/0.8.0-ns-support: no such file or directory"}
{"level":"info","ts":1593073844.4456732,"logger":"fallback-logger","caller":"creds-init/main.go:40","msg":"Credentials initialized."}

Showing logs for build [32mcb-kubecd-bdd-gh-1593073691-mas-6wh2s-1[0m stage [32mfrom-build-pack[0m and container [32mstep-working-dir-initializer-2sdv5[0m
{"level":"info","ts":1593073845.079234,"logger":"fallback-logger","caller":"logging/config.go:69","msg":"Fetch GitHub commit ID from kodata failed: open /var/run/ko/HEAD: no such file or directory"}
{"level":"info","ts":1593073845.080396,"logger":"fallback-logger","caller":"bash/main.go:64","msg":"Successfully executed command \"sh -c mkdir -p /workspace/source\"; output "}

Showing logs for build [32mcb-kubecd-bdd-gh-1593073691-mas-6wh2s-1[0m stage [32mfrom-build-pack[0m and container [32mstep-place-tools[0m

Showing logs for build [32mcb-kubecd-bdd-gh-1593073691-mas-6wh2s-1[0m stage [32mfrom-build-pack[0m and container [32mstep-git-source-cb-kubecd-bdd-gh-1593073691-mas-6wh2s-zkvkw[0m
{"level":"info","ts":1593073924.1777272,"logger":"fallback-logger","caller":"logging/config.go:69","msg":"Fetch GitHub commit ID from kodata failed: open /var/run/ko/refs/heads/0.8.0-ns-support: no such file or directory"}
{"level":"info","ts":1593073925.266636,"logger":"fallback-logger","caller":"git/git.go:103","msg":"Successfully cloned https://github.com/cb-kubecd/bdd-gh-1593073691.git @ v0.0.2 in path /workspace/source"}

Showing logs for build [32mcb-kubecd-bdd-gh-1593073691-mas-6wh2s-1[0m stage [32mfrom-build-pack[0m and container [32mstep-git-merge[0m
Using SHAs from PULL_REFS=master:
WARNING: no SHAs to merge, falling back to initial cloned commit

Showing logs for build [32mcb-kubecd-bdd-gh-1593073691-mas-6wh2s-1[0m stage [32mfrom-build-pack[0m and container [32mstep-setup-jx-git-credentials[0m
Generated Git credentials file /workspace/xdg_config/git/credentials

Showing logs for build [32mcb-kubecd-bdd-gh-1593073691-mas-6wh2s-1[0m stage [32mfrom-build-pack[0m and container [32mstep-build-make-build[0m
CGO_ENABLED=0 GO15VENDOREXPERIMENT=1 go build -ldflags '' -o bin/bdd-gh-1593073691 main.go

Showing logs for build [32mcb-kubecd-bdd-gh-1593073691-mas-6wh2s-1[0m stage [32mfrom-build-pack[0m and container [32mstep-build-container-build[0m
ERROR: logging before flag.Parse: E0625 08:32:15.997274      10 metadata.go:241] Failed to unmarshal scopes: json: cannot unmarshal string into Go value of type []string
Error: error resolving dockerfile path: please provide a valid path to a Dockerfile within the build context with --dockerfile
Usage:
  executor [flags]
  executor [command]

Available Commands:
  help        Help about any command
  version     Print the version number of kaniko

Flags:
      --build-arg multi-arg type                  This flag allows you to pass in ARG values at build time. Set it repeatedly for multiple values.
      --cache                                     Use cache when building image
      --cache-dir string                          Specify a local directory to use as a cache. (default "/cache")
      --cache-repo string                         Specify a repository to use as a cache, otherwise one will be inferred from the destination provided
      --cache-ttl duration                        Cache timeout in hours. Defaults to two weeks. (default 336h0m0s)
      --cleanup                                   Clean the filesystem at the end
  -c, --context string                            Path to the dockerfile build context. (default "/workspace/")
  -d, --destination multi-arg type                Registry the final image should be pushed to. Set it repeatedly for multiple destinations. (default )
      --digest-file string                        Specify a file to save the digest of the built image to.
  -f, --dockerfile string                         Path to the dockerfile to be built. (default "Dockerfile")
      --force                                     Force building outside of a container
  -h, --help                                      help for executor
      --image-name-with-digest-file string        Specify a file to save the image name w/ digest of the built image to.
      --insecure                                  Push to insecure registry using plain HTTP
      --insecure-pull                             Pull from insecure registry using plain HTTP
      --insecure-registry multi-arg type          Insecure registry using plain HTTP to push and pull. Set it repeatedly for multiple registries.
      --label multi-arg type                      Set metadata for an image. Set it repeatedly for multiple labels.
      --log-format string                         Log format (text, color, json) (default "color")
      --no-push                                   Do not push the image to the registry
      --oci-layout-path string                    Path to save the OCI image layout of the built image.
      --registry-certificate key-value-arg type   Use the provided certificate for TLS communication with the given registry. Expected format is 'my.registry.url=/path/to/the/server/certificate'.
      --registry-mirror string                    Registry mirror to use has pull-through cache instead of docker.io.
      --reproducible                              Strip timestamps out of the image to make it reproducible
      --single-snapshot                           Take a single snapshot at the end of the build.
      --skip-tls-verify                           Push to insecure registry ignoring TLS verify
      --skip-tls-verify-pull                      Pull from insecure registry ignoring TLS verify
      --skip-tls-verify-registry multi-arg type   Insecure registry ignoring TLS verify to push and pull. Set it repeatedly for multiple registries.
      --snapshotMode string                       Change the file attributes inspected during snapshotting (default "full")
      --tarPath string                            Path to save the image in as a tarball instead of pushing
      --target string                             Set the target build stage to build
  -v, --verbosity string                          Log level (debug, info, warn, error, fatal, panic (default "info")
      --whitelist-var-run                         Ignore /var/run directory when taking image snapshot. Set it to false to preserve /var/run/ in destination image. (Default true). (default true)

Use "executor [command] --help" for more information about a command.

[31m
Pipeline failed on stage 'from-build-pack' : container 'step-build-container-build'. The execution of the pipeline has stopped.[0m
